[debug] [2023-03-10T10:46:03.421Z] ----------------------------------------------------------------------
[debug] [2023-03-10T10:46:03.424Z] Command:       /usr/local/bin/node /usr/local/bin/firebase init hosting
[debug] [2023-03-10T10:46:03.424Z] CLI Version:   11.24.1
[debug] [2023-03-10T10:46:03.425Z] Platform:      darwin
[debug] [2023-03-10T10:46:03.425Z] Node Version:  v18.15.0
[debug] [2023-03-10T10:46:03.426Z] Time:          Fri Mar 10 2023 12:46:03 GMT+0200 (Israel Standard Time)
[debug] [2023-03-10T10:46:03.427Z] ----------------------------------------------------------------------
[debug] 
[debug] [2023-03-10T10:46:03.435Z] > command requires scopes: ["email","openid","https://www.googleapis.com/auth/cloudplatformprojects.readonly","https://www.googleapis.com/auth/firebase","https://www.googleapis.com/auth/cloud-platform"]
[debug] [2023-03-10T10:46:03.436Z] > authorizing via signed-in user (lilly.liho@gmail.com)
[info] 
     ######## #### ########  ######## ########     ###     ######  ########
     ##        ##  ##     ## ##       ##     ##  ##   ##  ##       ##
     ######    ##  ########  ######   ########  #########  ######  ######
     ##        ##  ##    ##  ##       ##     ## ##     ##       ## ##
     ##       #### ##     ## ######## ########  ##     ##  ######  ########

You're about to initialize a Firebase project in this directory:

  /Users/lily/Desktop/repos/limi-app

[info] 
=== Project Setup
[info] 
[info] First, let's associate this project directory with a Firebase project.
[info] You can create multiple project aliases by running firebase use --add, 
[info] but for now we'll just set up a default project.
[info] 
[debug] [2023-03-10T10:46:06.033Z] > refreshing access token with scopes: []
[debug] [2023-03-10T10:46:06.037Z] >>> [apiv2][query] POST https://www.googleapis.com/oauth2/v3/token [none]
[debug] [2023-03-10T10:46:06.037Z] >>> [apiv2][body] POST https://www.googleapis.com/oauth2/v3/token [omitted]
[debug] [2023-03-10T10:46:06.320Z] <<< [apiv2][status] POST https://www.googleapis.com/oauth2/v3/token 200
[debug] [2023-03-10T10:46:06.320Z] <<< [apiv2][body] POST https://www.googleapis.com/oauth2/v3/token [omitted]
[debug] [2023-03-10T10:46:06.335Z] >>> [apiv2][query] GET https://firebase.googleapis.com/v1beta1/projects pageSize=100
[debug] [2023-03-10T10:46:06.959Z] <<< [apiv2][status] GET https://firebase.googleapis.com/v1beta1/projects 200
[debug] [2023-03-10T10:46:06.959Z] <<< [apiv2][body] GET https://firebase.googleapis.com/v1beta1/projects [omitted]
[info] i  Using project limi-380021 (Limi) 
[info] 
=== Hosting Setup
[info] 
[info] i  Detected a .git folder at /Users/lily/Desktop/repos/limi-app 
[info] i  Authorizing with GitHub to upload your service account to a GitHub repository's secrets store. 
[info] 
[info] Visit this URL on this device to log in:
[info] https://github.com/login/oauth/authorize?client_id=89cf50f02ac6aaed3484&state=20496722&redirect_uri=http%3A%2F%2Flocalhost%3A9005&scope=read%3Auser%20repo%20public_repo
[info] 
[info] Waiting for authentication...
[debug] [2023-03-10T10:46:50.495Z] >>> [apiv2][query] POST https://github.com/login/oauth/access_token [none]
[debug] [2023-03-10T10:46:50.497Z] >>> [apiv2][body] POST https://github.com/login/oauth/access_token [stream]
[debug] [2023-03-10T10:46:50.972Z] <<< [apiv2][status] POST https://github.com/login/oauth/access_token 200
[debug] [2023-03-10T10:46:50.972Z] <<< [apiv2][body] POST https://github.com/login/oauth/access_token {"access_token":"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","token_type":"bearer","scope":"read:user,repo"}
[debug] [2023-03-10T10:46:51.031Z] >>> [apiv2][query] GET https://api.github.com/user [none]
[debug] [2023-03-10T10:46:51.467Z] <<< [apiv2][status] GET https://api.github.com/user 200
[debug] [2023-03-10T10:46:51.467Z] <<< [apiv2][body] GET https://api.github.com/user {"login":"Lihovod","id":7195708,"node_id":"MDQ6VXNlcjcxOTU3MDg=","avatar_url":"https://avatars.githubusercontent.com/u/7195708?v=4","gravatar_id":"","url":"https://api.github.com/users/Lihovod","html_url":"https://github.com/Lihovod","followers_url":"https://api.github.com/users/Lihovod/followers","following_url":"https://api.github.com/users/Lihovod/following{/other_user}","gists_url":"https://api.github.com/users/Lihovod/gists{/gist_id}","starred_url":"https://api.github.com/users/Lihovod/starred{/owner}{/repo}","subscriptions_url":"https://api.github.com/users/Lihovod/subscriptions","organizations_url":"https://api.github.com/users/Lihovod/orgs","repos_url":"https://api.github.com/users/Lihovod/repos","events_url":"https://api.github.com/users/Lihovod/events{/privacy}","received_events_url":"https://api.github.com/users/Lihovod/received_events","type":"User","site_admin":false,"name":"Lily","company":null,"blog":"","location":"Israel ","email":"lilly.liho@gmail.com","hireable":null,"bio":null,"twitter_username":null,"public_repos":2,"public_gists":8,"followers":3,"following":1,"created_at":"2014-04-06T12:12:28Z","updated_at":"2023-03-09T21:38:24Z","private_gists":2,"total_private_repos":9,"owned_private_repos":9,"disk_usage":95264,"collaborators":0,"two_factor_authentication":true,"plan":{"name":"pro","space":976562499,"collaborators":0,"private_repos":9999}}
[info] 
[info] ✔  Success! Logged into GitHub as Lihovod 
[info] 
